<?xml version="1.0" encoding="UTF-8"?>
<testsuites tests="8" failures="4" disabled="0" errors="0" timestamp="2025-11-13T11:47:26" time="0.012" name="AllTests">
  <testsuite name="QuickSortTest" tests="5" failures="3" disabled="0" errors="0" time="0.005">
    <testcase name="SortsArrayInAscendingOrder" status="run" time="0.001" classname="QuickSortTest">
      <failure message="C:\lab4\test.cpp:17&#x0A;Value of: strcmp(arr[i - 1], arr[i]) &lt;= 0&#x0A;  Actual: false&#x0A;Expected: true" type=""><![CDATA[C:\lab4\test.cpp:17
Value of: strcmp(arr[i - 1], arr[i]) <= 0
  Actual: false
Expected: true]]></failure>
    </testcase>
    <testcase name="SingleElementArray" status="run" time="0" classname="QuickSortTest" />
    <testcase name="SortedArray" status="run" time="0" classname="QuickSortTest" />
    <testcase name="ReverseSortedArray" status="run" time="0.001" classname="QuickSortTest">
      <failure message="C:\lab4\test.cpp:43&#x0A;Expected equality of these values:&#x0A;  arr[0]&#x0A;    Which is: &quot;gamma&quot;&#x0A;  &quot;alpha&quot;" type=""><![CDATA[C:\lab4\test.cpp:43
Expected equality of these values:
  arr[0]
    Which is: "gamma"
  "alpha"]]></failure>
    </testcase>
    <testcase name="RandomArray" status="run" time="0" classname="QuickSortTest">
      <failure message="C:\lab4\test.cpp:52&#x0A;Expected equality of these values:&#x0A;  arr[0]&#x0A;    Which is: &quot;hello&quot;&#x0A;  &quot;bar&quot;" type=""><![CDATA[C:\lab4\test.cpp:52
Expected equality of these values:
  arr[0]
    Which is: "hello"
  "bar"]]></failure>
    </testcase>
  </testsuite>
  <testsuite name="StringProcessorTest" tests="2" failures="0" disabled="0" errors="0" time="0.001">
    <testcase name="ValidString_ReturnsTrue" status="run" time="0" classname="StringProcessorTest" />
    <testcase name="InvalidString_ReturnsFalse" status="run" time="0" classname="StringProcessorTest" />
  </testsuite>
  <testsuite name="SwapTest" tests="1" failures="1" disabled="0" errors="0" time="0.002">
    <testcase name="SwapsValuesCorrectly" status="run" time="0.001" classname="SwapTest">
      <failure message="C:\lab4\test.cpp:84&#x0A;Expected equality of these values:&#x0A;  a&#x0A;    Which is: &quot;apple&quot;&#x0A;  &quot;banana&quot;" type=""><![CDATA[C:\lab4\test.cpp:84
Expected equality of these values:
  a
    Which is: "apple"
  "banana"]]></failure>
      <failure message="C:\lab4\test.cpp:85&#x0A;Expected equality of these values:&#x0A;  b&#x0A;    Which is: &quot;banana&quot;&#x0A;  &quot;apple&quot;" type=""><![CDATA[C:\lab4\test.cpp:85
Expected equality of these values:
  b
    Which is: "banana"
  "apple"]]></failure>
    </testcase>
  </testsuite>
</testsuites>
